<?xml version="1.0" encoding="UTF-8"?>
<!-- Generated by org.testng.reporters.JUnitReportReporter -->
<testsuite skipped="0" hostname="DESKTOP-KN642OP" name="com.qa.internetherokuapp.tests.HomePageTest" tests="1" failures="0" timestamp="13 Oct 2023 00:45:13 GMT" time="9.363" errors="0">
  <testcase name="verifyWebTable" time="9.363" classname="com.qa.internetherokuapp.tests.HomePageTest"/>
</testsuite> <!-- com.qa.internetherokuapp.tests.HomePageTest -->
